<?xml version="1.0" encoding="UTF-8"?>
<testng-results ignored="2" total="26" passed="15" failed="9" skipped="0">
  <reporter-output>
  </reporter-output>
  <suite started-at="2021-08-16T14:09:36 IDT" name="All Test Suite" finished-at="2021-08-16T14:10:19 IDT" duration-ms="42513">
    <groups>
    </groups>
    <test started-at="2021-08-16T14:09:36 IDT" name="C:/Users/Alqarout/IdeaProjects/FirstSeleniumTask-FirstFunctionality" finished-at="2021-08-16T14:09:48 IDT" duration-ms="12049">
      <class name="main.java.MainPageTest">
        <test-method is-config="true" signature="beforeClass()[pri:0, instance:main.java.MainPageTest@446293d]" started-at="2021-08-16T14:09:36 IDT" name="beforeClass" finished-at="2021-08-16T14:09:40 IDT" duration-ms="3815" status="PASS">
          <reporter-output>
          </reporter-output>
        </test-method> <!-- beforeClass -->
        <test-method signature="testMainPageTitle()[pri:0, instance:main.java.MainPageTest@446293d]" started-at="2021-08-16T14:09:40 IDT" name="testMainPageTitle" finished-at="2021-08-16T14:09:40 IDT" duration-ms="9" status="PASS">
          <reporter-output>
          </reporter-output>
        </test-method> <!-- testMainPageTitle -->
        <test-method signature="testMainPageHeaders()[pri:0, instance:main.java.MainPageTest@446293d]" started-at="2021-08-16T14:09:40 IDT" name="testMainPageHeaders" finished-at="2021-08-16T14:09:40 IDT" duration-ms="77" status="PASS">
          <reporter-output>
          </reporter-output>
        </test-method> <!-- testMainPageHeaders -->
        <test-method signature="clickHomeButton()[pri:0, instance:main.java.MainPageTest@446293d]" started-at="2021-08-16T14:09:40 IDT" name="clickHomeButton" finished-at="2021-08-16T14:09:40 IDT" duration-ms="113" status="PASS">
          <reporter-output>
          </reporter-output>
        </test-method> <!-- clickHomeButton -->
        <test-method signature="clickLoginButton()[pri:0, instance:main.java.MainPageTest@446293d]" started-at="2021-08-16T14:09:40 IDT" name="clickLoginButton" finished-at="2021-08-16T14:09:40 IDT" duration-ms="90" status="FAIL">
          <exception class="java.lang.AssertionError">
            <message>
              <![CDATA[expected [Address Book - Sign In] but found [Address Book]]]>
            </message>
            <full-stacktrace>
              <![CDATA[java.lang.AssertionError: expected [Address Book - Sign In] but found [Address Book]
at org.testng.Assert.fail(Assert.java:99)
at org.testng.Assert.failNotEquals(Assert.java:1037)
at org.testng.Assert.assertEqualsImpl(Assert.java:140)
at org.testng.Assert.assertEquals(Assert.java:122)
at org.testng.Assert.assertEquals(Assert.java:629)
at org.testng.Assert.assertEquals(Assert.java:639)
at main.java.MainPageTest.clickLoginButton(MainPageTest.java:78)
at java.base/jdk.internal.reflect.NativeMethodAccessorImpl.invoke0(Native Method)
at java.base/jdk.internal.reflect.NativeMethodAccessorImpl.invoke(NativeMethodAccessorImpl.java:62)
at java.base/jdk.internal.reflect.DelegatingMethodAccessorImpl.invoke(DelegatingMethodAccessorImpl.java:43)
at java.base/java.lang.reflect.Method.invoke(Method.java:566)
at org.testng.internal.MethodInvocationHelper.invokeMethod(MethodInvocationHelper.java:133)
at org.testng.internal.TestInvoker.invokeMethod(TestInvoker.java:598)
at org.testng.internal.TestInvoker.invokeTestMethod(TestInvoker.java:173)
at org.testng.internal.MethodRunner.runInSequence(MethodRunner.java:46)
at org.testng.internal.TestInvoker$MethodInvocationAgent.invoke(TestInvoker.java:824)
at org.testng.internal.TestInvoker.invokeTestMethods(TestInvoker.java:146)
at org.testng.internal.TestMethodWorker.invokeTestMethods(TestMethodWorker.java:146)
at org.testng.internal.TestMethodWorker.run(TestMethodWorker.java:128)
at java.base/java.util.ArrayList.forEach(ArrayList.java:1541)
at org.testng.TestRunner.privateRun(TestRunner.java:794)
at org.testng.TestRunner.run(TestRunner.java:596)
at org.testng.SuiteRunner.runTest(SuiteRunner.java:377)
at org.testng.SuiteRunner.access$000(SuiteRunner.java:28)
at org.testng.SuiteRunner$SuiteWorker.run(SuiteRunner.java:418)
at org.testng.internal.thread.ThreadUtil.lambda$execute$0(ThreadUtil.java:64)
at java.base/java.util.concurrent.FutureTask.run(FutureTask.java:264)
at java.base/java.util.concurrent.ThreadPoolExecutor.runWorker(ThreadPoolExecutor.java:1128)
at java.base/java.util.concurrent.ThreadPoolExecutor$Worker.run(ThreadPoolExecutor.java:628)
at java.base/java.lang.Thread.run(Thread.java:834)
]]>
            </full-stacktrace>
          </exception> <!-- java.lang.AssertionError -->
          <reporter-output>
          </reporter-output>
        </test-method> <!-- clickLoginButton -->
      </class> <!-- main.java.MainPageTest -->
      <class name="main.java.SignInPageTest">
        <test-method is-config="true" signature="beforeClass()[pri:0, instance:main.java.SignInPageTest@2df9b86]" started-at="2021-08-16T14:09:40 IDT" name="beforeClass" finished-at="2021-08-16T14:09:42 IDT" duration-ms="1721" status="PASS">
          <reporter-output>
          </reporter-output>
        </test-method> <!-- beforeClass -->
        <test-method is-config="true" signature="beforeMethod()[pri:0, instance:main.java.SignInPageTest@2df9b86]" started-at="2021-08-16T14:09:42 IDT" name="beforeMethod" finished-at="2021-08-16T14:09:43 IDT" duration-ms="1297" status="PASS">
          <reporter-output>
          </reporter-output>
        </test-method> <!-- beforeMethod -->
        <test-method signature="testSignInPageTitle()[pri:0, instance:main.java.SignInPageTest@2df9b86]" started-at="2021-08-16T14:09:43 IDT" name="testSignInPageTitle" finished-at="2021-08-16T14:09:43 IDT" duration-ms="6" status="PASS">
          <reporter-output>
          </reporter-output>
        </test-method> <!-- testSignInPageTitle -->
        <test-method is-config="true" signature="beforeMethod()[pri:0, instance:main.java.SignInPageTest@2df9b86]" started-at="2021-08-16T14:09:43 IDT" name="beforeMethod" finished-at="2021-08-16T14:09:44 IDT" duration-ms="305" status="PASS">
          <reporter-output>
          </reporter-output>
        </test-method> <!-- beforeMethod -->
        <test-method signature="testSignInPageElementsExist()[pri:0, instance:main.java.SignInPageTest@2df9b86]" started-at="2021-08-16T14:09:44 IDT" name="testSignInPageElementsExist" finished-at="2021-08-16T14:09:44 IDT" duration-ms="118" status="PASS">
          <reporter-output>
          </reporter-output>
        </test-method> <!-- testSignInPageElementsExist -->
        <test-method is-config="true" signature="beforeMethod()[pri:0, instance:main.java.SignInPageTest@2df9b86]" started-at="2021-08-16T14:09:44 IDT" name="beforeMethod" finished-at="2021-08-16T14:09:44 IDT" duration-ms="224" status="PASS">
          <reporter-output>
          </reporter-output>
        </test-method> <!-- beforeMethod -->
        <test-method signature="testBadCredentialsInForm()[pri:0, instance:main.java.SignInPageTest@2df9b86]" started-at="2021-08-16T14:09:44 IDT" name="testBadCredentialsInForm" finished-at="2021-08-16T14:09:46 IDT" duration-ms="2380" status="PASS">
          <reporter-output>
          </reporter-output>
        </test-method> <!-- testBadCredentialsInForm -->
        <test-method is-config="true" signature="beforeMethod()[pri:0, instance:main.java.SignInPageTest@2df9b86]" started-at="2021-08-16T14:09:46 IDT" name="beforeMethod" finished-at="2021-08-16T14:09:47 IDT" duration-ms="231" status="PASS">
          <reporter-output>
          </reporter-output>
        </test-method> <!-- beforeMethod -->
        <test-method signature="clickSignUpButton()[pri:0, instance:main.java.SignInPageTest@2df9b86]" started-at="2021-08-16T14:09:47 IDT" name="clickSignUpButton" finished-at="2021-08-16T14:09:47 IDT" duration-ms="524" status="PASS">
          <reporter-output>
          </reporter-output>
        </test-method> <!-- clickSignUpButton -->
        <test-method is-config="true" signature="beforeMethod()[pri:0, instance:main.java.SignInPageTest@2df9b86]" started-at="2021-08-16T14:09:47 IDT" name="beforeMethod" finished-at="2021-08-16T14:09:47 IDT" duration-ms="222" status="PASS">
          <reporter-output>
          </reporter-output>
        </test-method> <!-- beforeMethod -->
        <test-method signature="signIn()[pri:0, instance:main.java.SignInPageTest@2df9b86]" started-at="2021-08-16T14:09:47 IDT" name="signIn" finished-at="2021-08-16T14:09:48 IDT" duration-ms="668" status="PASS">
          <reporter-output>
          </reporter-output>
        </test-method> <!-- signIn -->
        <test-method is-config="true" signature="afterClass()[pri:0, instance:main.java.SignInPageTest@2df9b86]" started-at="2021-08-16T14:09:48 IDT" name="afterClass" finished-at="2021-08-16T14:09:48 IDT" duration-ms="208" status="PASS">
          <reporter-output>
          </reporter-output>
        </test-method> <!-- afterClass -->
      </class> <!-- main.java.SignInPageTest -->
    </test> <!-- C:/Users/Alqarout/IdeaProjects/FirstSeleniumTask-FirstFunctionality -->
    <test started-at="2021-08-16T14:09:36 IDT" name="C:/Users/Alqarout/IdeaProjects/FirstSeleniumTask-SecondFunctionality" finished-at="2021-08-16T14:10:19 IDT" duration-ms="42513">
      <class name="main.java.AfterSignInTest">
        <test-method is-config="true" signature="ChromeDriverInitialize()[pri:0, instance:main.java.AfterSignInTest@e15b7e8]" started-at="2021-08-16T14:09:36 IDT" name="ChromeDriverInitialize" finished-at="2021-08-16T14:09:36 IDT" duration-ms="13" status="PASS">
          <reporter-output>
          </reporter-output>
        </test-method> <!-- ChromeDriverInitialize -->
        <test-method is-config="true" signature="beforeClass()[pri:0, instance:main.java.AfterSignInTest@e15b7e8]" started-at="2021-08-16T14:09:36 IDT" name="beforeClass" finished-at="2021-08-16T14:09:40 IDT" duration-ms="4226" status="PASS">
          <reporter-output>
          </reporter-output>
        </test-method> <!-- beforeClass -->
        <test-method is-config="true" signature="beforeMethod()[pri:0, instance:main.java.AfterSignInTest@e15b7e8]" started-at="2021-08-16T14:09:40 IDT" name="beforeMethod" finished-at="2021-08-16T14:09:41 IDT" duration-ms="372" status="PASS">
          <reporter-output>
          </reporter-output>
        </test-method> <!-- beforeMethod -->
        <test-method signature="validateMainContents()[pri:0, instance:main.java.AfterSignInTest@e15b7e8]" started-at="2021-08-16T14:09:41 IDT" name="validateMainContents" finished-at="2021-08-16T14:09:41 IDT" duration-ms="278" status="PASS">
          <reporter-output>
          </reporter-output>
        </test-method> <!-- validateMainContents -->
        <test-method is-config="true" signature="beforeMethod()[pri:0, instance:main.java.AfterSignInTest@e15b7e8]" started-at="2021-08-16T14:09:41 IDT" name="beforeMethod" finished-at="2021-08-16T14:09:41 IDT" duration-ms="270" status="PASS">
          <reporter-output>
          </reporter-output>
        </test-method> <!-- beforeMethod -->
        <test-method signature="testAddressBtn()[pri:0, instance:main.java.AfterSignInTest@e15b7e8]" started-at="2021-08-16T14:09:41 IDT" name="testAddressBtn" finished-at="2021-08-16T14:09:42 IDT" duration-ms="866" status="PASS">
          <reporter-output>
          </reporter-output>
        </test-method> <!-- testAddressBtn -->
        <test-method is-config="true" signature="beforeMethod()[pri:0, instance:main.java.AfterSignInTest@e15b7e8]" started-at="2021-08-16T14:09:42 IDT" name="beforeMethod" finished-at="2021-08-16T14:09:43 IDT" duration-ms="393" status="PASS">
          <reporter-output>
          </reporter-output>
        </test-method> <!-- beforeMethod -->
        <test-method signature="createEmptyAddress()[pri:0, instance:main.java.AfterSignInTest@e15b7e8]" started-at="2021-08-16T14:09:43 IDT" name="createEmptyAddress" finished-at="2021-08-16T14:09:43 IDT" duration-ms="537" status="FAIL">
          <exception class="java.lang.AssertionError">
            <message>
              <![CDATA[expected [http://a.testaddressbook.com/addresses/new] but found [http://a.testaddressbook.com/addresses]]]>
            </message>
            <full-stacktrace>
              <![CDATA[java.lang.AssertionError: expected [http://a.testaddressbook.com/addresses/new] but found [http://a.testaddressbook.com/addresses]
at org.testng.Assert.fail(Assert.java:99)
at org.testng.Assert.failNotEquals(Assert.java:1037)
at org.testng.Assert.assertEqualsImpl(Assert.java:140)
at org.testng.Assert.assertEquals(Assert.java:122)
at org.testng.Assert.assertEquals(Assert.java:629)
at org.testng.Assert.assertEquals(Assert.java:639)
at main.java.AfterSignInTest.createEmptyAddress(AfterSignInTest.java:157)
at java.base/jdk.internal.reflect.NativeMethodAccessorImpl.invoke0(Native Method)
at java.base/jdk.internal.reflect.NativeMethodAccessorImpl.invoke(NativeMethodAccessorImpl.java:62)
at java.base/jdk.internal.reflect.DelegatingMethodAccessorImpl.invoke(DelegatingMethodAccessorImpl.java:43)
at java.base/java.lang.reflect.Method.invoke(Method.java:566)
at org.testng.internal.MethodInvocationHelper.invokeMethod(MethodInvocationHelper.java:133)
at org.testng.internal.TestInvoker.invokeMethod(TestInvoker.java:598)
at org.testng.internal.TestInvoker.invokeTestMethod(TestInvoker.java:173)
at org.testng.internal.MethodRunner.runInSequence(MethodRunner.java:46)
at org.testng.internal.TestInvoker$MethodInvocationAgent.invoke(TestInvoker.java:824)
at org.testng.internal.TestInvoker.invokeTestMethods(TestInvoker.java:146)
at org.testng.internal.TestMethodWorker.invokeTestMethods(TestMethodWorker.java:146)
at org.testng.internal.TestMethodWorker.run(TestMethodWorker.java:128)
at java.base/java.util.ArrayList.forEach(ArrayList.java:1541)
at org.testng.TestRunner.privateRun(TestRunner.java:794)
at org.testng.TestRunner.run(TestRunner.java:596)
at org.testng.SuiteRunner.runTest(SuiteRunner.java:377)
at org.testng.SuiteRunner.access$000(SuiteRunner.java:28)
at org.testng.SuiteRunner$SuiteWorker.run(SuiteRunner.java:418)
at org.testng.internal.thread.ThreadUtil.lambda$execute$0(ThreadUtil.java:64)
at java.base/java.util.concurrent.FutureTask.run(FutureTask.java:264)
at java.base/java.util.concurrent.ThreadPoolExecutor.runWorker(ThreadPoolExecutor.java:1128)
at java.base/java.util.concurrent.ThreadPoolExecutor$Worker.run(ThreadPoolExecutor.java:628)
at java.base/java.lang.Thread.run(Thread.java:834)
]]>
            </full-stacktrace>
          </exception> <!-- java.lang.AssertionError -->
          <reporter-output>
          </reporter-output>
        </test-method> <!-- createEmptyAddress -->
        <test-method is-config="true" signature="beforeMethod()[pri:0, instance:main.java.AfterSignInTest@e15b7e8]" started-at="2021-08-16T14:09:43 IDT" name="beforeMethod" finished-at="2021-08-16T14:09:43 IDT" duration-ms="244" status="PASS">
          <reporter-output>
          </reporter-output>
        </test-method> <!-- beforeMethod -->
        <test-method signature="createInvalidFirstNameAddress()[pri:0, instance:main.java.AfterSignInTest@e15b7e8]" started-at="2021-08-16T14:09:43 IDT" name="createInvalidFirstNameAddress" finished-at="2021-08-16T14:09:48 IDT" duration-ms="4253" status="FAIL">
          <exception class="java.lang.AssertionError">
            <message>
              <![CDATA[expected [false] but found [true]]]>
            </message>
            <full-stacktrace>
              <![CDATA[java.lang.AssertionError: expected [false] but found [true]
at org.testng.Assert.fail(Assert.java:99)
at org.testng.Assert.failNotEquals(Assert.java:1037)
at org.testng.Assert.assertFalse(Assert.java:67)
at org.testng.Assert.assertFalse(Assert.java:77)
at main.java.AfterSignInTest.createInvalidFirstNameAddress(AfterSignInTest.java:167)
at java.base/jdk.internal.reflect.NativeMethodAccessorImpl.invoke0(Native Method)
at java.base/jdk.internal.reflect.NativeMethodAccessorImpl.invoke(NativeMethodAccessorImpl.java:62)
at java.base/jdk.internal.reflect.DelegatingMethodAccessorImpl.invoke(DelegatingMethodAccessorImpl.java:43)
at java.base/java.lang.reflect.Method.invoke(Method.java:566)
at org.testng.internal.MethodInvocationHelper.invokeMethod(MethodInvocationHelper.java:133)
at org.testng.internal.TestInvoker.invokeMethod(TestInvoker.java:598)
at org.testng.internal.TestInvoker.invokeTestMethod(TestInvoker.java:173)
at org.testng.internal.MethodRunner.runInSequence(MethodRunner.java:46)
at org.testng.internal.TestInvoker$MethodInvocationAgent.invoke(TestInvoker.java:824)
at org.testng.internal.TestInvoker.invokeTestMethods(TestInvoker.java:146)
at org.testng.internal.TestMethodWorker.invokeTestMethods(TestMethodWorker.java:146)
at org.testng.internal.TestMethodWorker.run(TestMethodWorker.java:128)
at java.base/java.util.ArrayList.forEach(ArrayList.java:1541)
at org.testng.TestRunner.privateRun(TestRunner.java:794)
at org.testng.TestRunner.run(TestRunner.java:596)
at org.testng.SuiteRunner.runTest(SuiteRunner.java:377)
at org.testng.SuiteRunner.access$000(SuiteRunner.java:28)
at org.testng.SuiteRunner$SuiteWorker.run(SuiteRunner.java:418)
at org.testng.internal.thread.ThreadUtil.lambda$execute$0(ThreadUtil.java:64)
at java.base/java.util.concurrent.FutureTask.run(FutureTask.java:264)
at java.base/java.util.concurrent.ThreadPoolExecutor.runWorker(ThreadPoolExecutor.java:1128)
at java.base/java.util.concurrent.ThreadPoolExecutor$Worker.run(ThreadPoolExecutor.java:628)
at java.base/java.lang.Thread.run(Thread.java:834)
]]>
            </full-stacktrace>
          </exception> <!-- java.lang.AssertionError -->
          <reporter-output>
          </reporter-output>
        </test-method> <!-- createInvalidFirstNameAddress -->
        <test-method is-config="true" signature="beforeMethod()[pri:0, instance:main.java.AfterSignInTest@e15b7e8]" started-at="2021-08-16T14:09:48 IDT" name="beforeMethod" finished-at="2021-08-16T14:09:48 IDT" duration-ms="246" status="PASS">
          <reporter-output>
          </reporter-output>
        </test-method> <!-- beforeMethod -->
        <test-method signature="createInvalidLastNameAddress()[pri:0, instance:main.java.AfterSignInTest@e15b7e8]" started-at="2021-08-16T14:09:48 IDT" name="createInvalidLastNameAddress" finished-at="2021-08-16T14:09:52 IDT" duration-ms="4279" status="FAIL">
          <exception class="java.lang.AssertionError">
            <message>
              <![CDATA[expected [false] but found [true]]]>
            </message>
            <full-stacktrace>
              <![CDATA[java.lang.AssertionError: expected [false] but found [true]
at org.testng.Assert.fail(Assert.java:99)
at org.testng.Assert.failNotEquals(Assert.java:1037)
at org.testng.Assert.assertFalse(Assert.java:67)
at org.testng.Assert.assertFalse(Assert.java:77)
at main.java.AfterSignInTest.createInvalidLastNameAddress(AfterSignInTest.java:178)
at java.base/jdk.internal.reflect.NativeMethodAccessorImpl.invoke0(Native Method)
at java.base/jdk.internal.reflect.NativeMethodAccessorImpl.invoke(NativeMethodAccessorImpl.java:62)
at java.base/jdk.internal.reflect.DelegatingMethodAccessorImpl.invoke(DelegatingMethodAccessorImpl.java:43)
at java.base/java.lang.reflect.Method.invoke(Method.java:566)
at org.testng.internal.MethodInvocationHelper.invokeMethod(MethodInvocationHelper.java:133)
at org.testng.internal.TestInvoker.invokeMethod(TestInvoker.java:598)
at org.testng.internal.TestInvoker.invokeTestMethod(TestInvoker.java:173)
at org.testng.internal.MethodRunner.runInSequence(MethodRunner.java:46)
at org.testng.internal.TestInvoker$MethodInvocationAgent.invoke(TestInvoker.java:824)
at org.testng.internal.TestInvoker.invokeTestMethods(TestInvoker.java:146)
at org.testng.internal.TestMethodWorker.invokeTestMethods(TestMethodWorker.java:146)
at org.testng.internal.TestMethodWorker.run(TestMethodWorker.java:128)
at java.base/java.util.ArrayList.forEach(ArrayList.java:1541)
at org.testng.TestRunner.privateRun(TestRunner.java:794)
at org.testng.TestRunner.run(TestRunner.java:596)
at org.testng.SuiteRunner.runTest(SuiteRunner.java:377)
at org.testng.SuiteRunner.access$000(SuiteRunner.java:28)
at org.testng.SuiteRunner$SuiteWorker.run(SuiteRunner.java:418)
at org.testng.internal.thread.ThreadUtil.lambda$execute$0(ThreadUtil.java:64)
at java.base/java.util.concurrent.FutureTask.run(FutureTask.java:264)
at java.base/java.util.concurrent.ThreadPoolExecutor.runWorker(ThreadPoolExecutor.java:1128)
at java.base/java.util.concurrent.ThreadPoolExecutor$Worker.run(ThreadPoolExecutor.java:628)
at java.base/java.lang.Thread.run(Thread.java:834)
]]>
            </full-stacktrace>
          </exception> <!-- java.lang.AssertionError -->
          <reporter-output>
          </reporter-output>
        </test-method> <!-- createInvalidLastNameAddress -->
        <test-method is-config="true" signature="beforeMethod()[pri:0, instance:main.java.AfterSignInTest@e15b7e8]" started-at="2021-08-16T14:09:52 IDT" name="beforeMethod" finished-at="2021-08-16T14:09:52 IDT" duration-ms="227" status="PASS">
          <reporter-output>
          </reporter-output>
        </test-method> <!-- beforeMethod -->
        <test-method signature="createInvalidZipCodeAddress()[pri:0, instance:main.java.AfterSignInTest@e15b7e8]" started-at="2021-08-16T14:09:52 IDT" name="createInvalidZipCodeAddress" finished-at="2021-08-16T14:09:57 IDT" duration-ms="4261" status="FAIL">
          <exception class="java.lang.AssertionError">
            <message>
              <![CDATA[expected [false] but found [true]]]>
            </message>
            <full-stacktrace>
              <![CDATA[java.lang.AssertionError: expected [false] but found [true]
at org.testng.Assert.fail(Assert.java:99)
at org.testng.Assert.failNotEquals(Assert.java:1037)
at org.testng.Assert.assertFalse(Assert.java:67)
at org.testng.Assert.assertFalse(Assert.java:77)
at main.java.AfterSignInTest.createInvalidZipCodeAddress(AfterSignInTest.java:190)
at java.base/jdk.internal.reflect.NativeMethodAccessorImpl.invoke0(Native Method)
at java.base/jdk.internal.reflect.NativeMethodAccessorImpl.invoke(NativeMethodAccessorImpl.java:62)
at java.base/jdk.internal.reflect.DelegatingMethodAccessorImpl.invoke(DelegatingMethodAccessorImpl.java:43)
at java.base/java.lang.reflect.Method.invoke(Method.java:566)
at org.testng.internal.MethodInvocationHelper.invokeMethod(MethodInvocationHelper.java:133)
at org.testng.internal.TestInvoker.invokeMethod(TestInvoker.java:598)
at org.testng.internal.TestInvoker.invokeTestMethod(TestInvoker.java:173)
at org.testng.internal.MethodRunner.runInSequence(MethodRunner.java:46)
at org.testng.internal.TestInvoker$MethodInvocationAgent.invoke(TestInvoker.java:824)
at org.testng.internal.TestInvoker.invokeTestMethods(TestInvoker.java:146)
at org.testng.internal.TestMethodWorker.invokeTestMethods(TestMethodWorker.java:146)
at org.testng.internal.TestMethodWorker.run(TestMethodWorker.java:128)
at java.base/java.util.ArrayList.forEach(ArrayList.java:1541)
at org.testng.TestRunner.privateRun(TestRunner.java:794)
at org.testng.TestRunner.run(TestRunner.java:596)
at org.testng.SuiteRunner.runTest(SuiteRunner.java:377)
at org.testng.SuiteRunner.access$000(SuiteRunner.java:28)
at org.testng.SuiteRunner$SuiteWorker.run(SuiteRunner.java:418)
at org.testng.internal.thread.ThreadUtil.lambda$execute$0(ThreadUtil.java:64)
at java.base/java.util.concurrent.FutureTask.run(FutureTask.java:264)
at java.base/java.util.concurrent.ThreadPoolExecutor.runWorker(ThreadPoolExecutor.java:1128)
at java.base/java.util.concurrent.ThreadPoolExecutor$Worker.run(ThreadPoolExecutor.java:628)
at java.base/java.lang.Thread.run(Thread.java:834)
]]>
            </full-stacktrace>
          </exception> <!-- java.lang.AssertionError -->
          <reporter-output>
          </reporter-output>
        </test-method> <!-- createInvalidZipCodeAddress -->
        <test-method is-config="true" signature="beforeMethod()[pri:0, instance:main.java.AfterSignInTest@e15b7e8]" started-at="2021-08-16T14:09:57 IDT" name="beforeMethod" finished-at="2021-08-16T14:09:57 IDT" duration-ms="250" status="PASS">
          <reporter-output>
          </reporter-output>
        </test-method> <!-- beforeMethod -->
        <test-method signature="createInvalidAgeAddress()[pri:0, instance:main.java.AfterSignInTest@e15b7e8]" started-at="2021-08-16T14:09:57 IDT" name="createInvalidAgeAddress" finished-at="2021-08-16T14:10:01 IDT" duration-ms="4341" status="FAIL">
          <exception class="java.lang.AssertionError">
            <message>
              <![CDATA[expected [false] but found [true]]]>
            </message>
            <full-stacktrace>
              <![CDATA[java.lang.AssertionError: expected [false] but found [true]
at org.testng.Assert.fail(Assert.java:99)
at org.testng.Assert.failNotEquals(Assert.java:1037)
at org.testng.Assert.assertFalse(Assert.java:67)
at org.testng.Assert.assertFalse(Assert.java:77)
at main.java.AfterSignInTest.createInvalidAgeAddress(AfterSignInTest.java:215)
at java.base/jdk.internal.reflect.NativeMethodAccessorImpl.invoke0(Native Method)
at java.base/jdk.internal.reflect.NativeMethodAccessorImpl.invoke(NativeMethodAccessorImpl.java:62)
at java.base/jdk.internal.reflect.DelegatingMethodAccessorImpl.invoke(DelegatingMethodAccessorImpl.java:43)
at java.base/java.lang.reflect.Method.invoke(Method.java:566)
at org.testng.internal.MethodInvocationHelper.invokeMethod(MethodInvocationHelper.java:133)
at org.testng.internal.TestInvoker.invokeMethod(TestInvoker.java:598)
at org.testng.internal.TestInvoker.invokeTestMethod(TestInvoker.java:173)
at org.testng.internal.MethodRunner.runInSequence(MethodRunner.java:46)
at org.testng.internal.TestInvoker$MethodInvocationAgent.invoke(TestInvoker.java:824)
at org.testng.internal.TestInvoker.invokeTestMethods(TestInvoker.java:146)
at org.testng.internal.TestMethodWorker.invokeTestMethods(TestMethodWorker.java:146)
at org.testng.internal.TestMethodWorker.run(TestMethodWorker.java:128)
at java.base/java.util.ArrayList.forEach(ArrayList.java:1541)
at org.testng.TestRunner.privateRun(TestRunner.java:794)
at org.testng.TestRunner.run(TestRunner.java:596)
at org.testng.SuiteRunner.runTest(SuiteRunner.java:377)
at org.testng.SuiteRunner.access$000(SuiteRunner.java:28)
at org.testng.SuiteRunner$SuiteWorker.run(SuiteRunner.java:418)
at org.testng.internal.thread.ThreadUtil.lambda$execute$0(ThreadUtil.java:64)
at java.base/java.util.concurrent.FutureTask.run(FutureTask.java:264)
at java.base/java.util.concurrent.ThreadPoolExecutor.runWorker(ThreadPoolExecutor.java:1128)
at java.base/java.util.concurrent.ThreadPoolExecutor$Worker.run(ThreadPoolExecutor.java:628)
at java.base/java.lang.Thread.run(Thread.java:834)
]]>
            </full-stacktrace>
          </exception> <!-- java.lang.AssertionError -->
          <reporter-output>
          </reporter-output>
        </test-method> <!-- createInvalidAgeAddress -->
        <test-method is-config="true" signature="beforeMethod()[pri:0, instance:main.java.AfterSignInTest@e15b7e8]" started-at="2021-08-16T14:10:01 IDT" name="beforeMethod" finished-at="2021-08-16T14:10:01 IDT" duration-ms="265" status="PASS">
          <reporter-output>
          </reporter-output>
        </test-method> <!-- beforeMethod -->
        <test-method signature="createInvalidBirthdayAddress()[pri:0, instance:main.java.AfterSignInTest@e15b7e8]" started-at="2021-08-16T14:10:01 IDT" name="createInvalidBirthdayAddress" finished-at="2021-08-16T14:10:06 IDT" duration-ms="4626" status="FAIL">
          <exception class="java.lang.AssertionError">
            <message>
              <![CDATA[expected [false] but found [true]]]>
            </message>
            <full-stacktrace>
              <![CDATA[java.lang.AssertionError: expected [false] but found [true]
at org.testng.Assert.fail(Assert.java:99)
at org.testng.Assert.failNotEquals(Assert.java:1037)
at org.testng.Assert.assertFalse(Assert.java:67)
at org.testng.Assert.assertFalse(Assert.java:77)
at main.java.AfterSignInTest.createInvalidBirthdayAddress(AfterSignInTest.java:248)
at java.base/jdk.internal.reflect.NativeMethodAccessorImpl.invoke0(Native Method)
at java.base/jdk.internal.reflect.NativeMethodAccessorImpl.invoke(NativeMethodAccessorImpl.java:62)
at java.base/jdk.internal.reflect.DelegatingMethodAccessorImpl.invoke(DelegatingMethodAccessorImpl.java:43)
at java.base/java.lang.reflect.Method.invoke(Method.java:566)
at org.testng.internal.MethodInvocationHelper.invokeMethod(MethodInvocationHelper.java:133)
at org.testng.internal.TestInvoker.invokeMethod(TestInvoker.java:598)
at org.testng.internal.TestInvoker.invokeTestMethod(TestInvoker.java:173)
at org.testng.internal.MethodRunner.runInSequence(MethodRunner.java:46)
at org.testng.internal.TestInvoker$MethodInvocationAgent.invoke(TestInvoker.java:824)
at org.testng.internal.TestInvoker.invokeTestMethods(TestInvoker.java:146)
at org.testng.internal.TestMethodWorker.invokeTestMethods(TestMethodWorker.java:146)
at org.testng.internal.TestMethodWorker.run(TestMethodWorker.java:128)
at java.base/java.util.ArrayList.forEach(ArrayList.java:1541)
at org.testng.TestRunner.privateRun(TestRunner.java:794)
at org.testng.TestRunner.run(TestRunner.java:596)
at org.testng.SuiteRunner.runTest(SuiteRunner.java:377)
at org.testng.SuiteRunner.access$000(SuiteRunner.java:28)
at org.testng.SuiteRunner$SuiteWorker.run(SuiteRunner.java:418)
at org.testng.internal.thread.ThreadUtil.lambda$execute$0(ThreadUtil.java:64)
at java.base/java.util.concurrent.FutureTask.run(FutureTask.java:264)
at java.base/java.util.concurrent.ThreadPoolExecutor.runWorker(ThreadPoolExecutor.java:1128)
at java.base/java.util.concurrent.ThreadPoolExecutor$Worker.run(ThreadPoolExecutor.java:628)
at java.base/java.lang.Thread.run(Thread.java:834)
]]>
            </full-stacktrace>
          </exception> <!-- java.lang.AssertionError -->
          <reporter-output>
          </reporter-output>
        </test-method> <!-- createInvalidBirthdayAddress -->
        <test-method is-config="true" signature="beforeMethod()[pri:0, instance:main.java.AfterSignInTest@e15b7e8]" started-at="2021-08-16T14:10:06 IDT" name="beforeMethod" finished-at="2021-08-16T14:10:06 IDT" duration-ms="297" status="PASS">
          <reporter-output>
          </reporter-output>
        </test-method> <!-- beforeMethod -->
        <test-method signature="createValidAddress()[pri:0, instance:main.java.AfterSignInTest@e15b7e8]" started-at="2021-08-16T14:10:06 IDT" name="createValidAddress" finished-at="2021-08-16T14:10:08 IDT" duration-ms="1376" status="PASS">
          <reporter-output>
          </reporter-output>
        </test-method> <!-- createValidAddress -->
        <test-method is-config="true" signature="beforeMethod()[pri:0, instance:main.java.AfterSignInTest@e15b7e8]" started-at="2021-08-16T14:10:08 IDT" name="beforeMethod" finished-at="2021-08-16T14:10:08 IDT" duration-ms="243" status="PASS">
          <reporter-output>
          </reporter-output>
        </test-method> <!-- beforeMethod -->
        <test-method signature="editAddressCorrectlyAfterCreation()[pri:0, instance:main.java.AfterSignInTest@e15b7e8]" started-at="2021-08-16T14:10:08 IDT" name="editAddressCorrectlyAfterCreation" finished-at="2021-08-16T14:10:10 IDT" duration-ms="1959" status="PASS">
          <reporter-output>
          </reporter-output>
        </test-method> <!-- editAddressCorrectlyAfterCreation -->
        <test-method is-config="true" signature="beforeMethod()[pri:0, instance:main.java.AfterSignInTest@e15b7e8]" started-at="2021-08-16T14:10:10 IDT" name="beforeMethod" finished-at="2021-08-16T14:10:10 IDT" duration-ms="241" status="PASS">
          <reporter-output>
          </reporter-output>
        </test-method> <!-- beforeMethod -->
        <test-method signature="editAddressIncorrectlyAfterCreation()[pri:0, instance:main.java.AfterSignInTest@e15b7e8]" started-at="2021-08-16T14:10:10 IDT" name="editAddressIncorrectlyAfterCreation" finished-at="2021-08-16T14:10:12 IDT" duration-ms="2016" status="FAIL">
          <exception class="java.lang.AssertionError">
            <message>
              <![CDATA[expected [http://a.testaddressbook.com/addresses/8779] but found [http://a.testaddressbook.com/addresses/8779/edit]]]>
            </message>
            <full-stacktrace>
              <![CDATA[java.lang.AssertionError: expected [http://a.testaddressbook.com/addresses/8779] but found [http://a.testaddressbook.com/addresses/8779/edit]
at org.testng.Assert.fail(Assert.java:99)
at org.testng.Assert.failNotEquals(Assert.java:1037)
at org.testng.Assert.assertEqualsImpl(Assert.java:140)
at org.testng.Assert.assertEquals(Assert.java:122)
at org.testng.Assert.assertEquals(Assert.java:629)
at org.testng.Assert.assertEquals(Assert.java:639)
at main.java.AfterSignInTest.editAddressIncorrectlyAfterCreation(AfterSignInTest.java:300)
at java.base/jdk.internal.reflect.NativeMethodAccessorImpl.invoke0(Native Method)
at java.base/jdk.internal.reflect.NativeMethodAccessorImpl.invoke(NativeMethodAccessorImpl.java:62)
at java.base/jdk.internal.reflect.DelegatingMethodAccessorImpl.invoke(DelegatingMethodAccessorImpl.java:43)
at java.base/java.lang.reflect.Method.invoke(Method.java:566)
at org.testng.internal.MethodInvocationHelper.invokeMethod(MethodInvocationHelper.java:133)
at org.testng.internal.TestInvoker.invokeMethod(TestInvoker.java:598)
at org.testng.internal.TestInvoker.invokeTestMethod(TestInvoker.java:173)
at org.testng.internal.MethodRunner.runInSequence(MethodRunner.java:46)
at org.testng.internal.TestInvoker$MethodInvocationAgent.invoke(TestInvoker.java:824)
at org.testng.internal.TestInvoker.invokeTestMethods(TestInvoker.java:146)
at org.testng.internal.TestMethodWorker.invokeTestMethods(TestMethodWorker.java:146)
at org.testng.internal.TestMethodWorker.run(TestMethodWorker.java:128)
at java.base/java.util.ArrayList.forEach(ArrayList.java:1541)
at org.testng.TestRunner.privateRun(TestRunner.java:794)
at org.testng.TestRunner.run(TestRunner.java:596)
at org.testng.SuiteRunner.runTest(SuiteRunner.java:377)
at org.testng.SuiteRunner.access$000(SuiteRunner.java:28)
at org.testng.SuiteRunner$SuiteWorker.run(SuiteRunner.java:418)
at org.testng.internal.thread.ThreadUtil.lambda$execute$0(ThreadUtil.java:64)
at java.base/java.util.concurrent.FutureTask.run(FutureTask.java:264)
at java.base/java.util.concurrent.ThreadPoolExecutor.runWorker(ThreadPoolExecutor.java:1128)
at java.base/java.util.concurrent.ThreadPoolExecutor$Worker.run(ThreadPoolExecutor.java:628)
at java.base/java.lang.Thread.run(Thread.java:834)
]]>
            </full-stacktrace>
          </exception> <!-- java.lang.AssertionError -->
          <reporter-output>
          </reporter-output>
        </test-method> <!-- editAddressIncorrectlyAfterCreation -->
        <test-method is-config="true" signature="beforeMethod()[pri:0, instance:main.java.AfterSignInTest@e15b7e8]" started-at="2021-08-16T14:10:12 IDT" name="beforeMethod" finished-at="2021-08-16T14:10:12 IDT" duration-ms="209" status="PASS">
          <reporter-output>
          </reporter-output>
        </test-method> <!-- beforeMethod -->
        <test-method signature="listAddressAfterCreation()[pri:0, instance:main.java.AfterSignInTest@e15b7e8]" started-at="2021-08-16T14:10:12 IDT" name="listAddressAfterCreation" finished-at="2021-08-16T14:10:15 IDT" duration-ms="2419" status="PASS">
          <reporter-output>
          </reporter-output>
        </test-method> <!-- listAddressAfterCreation -->
        <test-method is-config="true" signature="beforeMethod()[pri:0, instance:main.java.AfterSignInTest@e15b7e8]" started-at="2021-08-16T14:10:15 IDT" name="beforeMethod" finished-at="2021-08-16T14:10:15 IDT" duration-ms="245" status="PASS">
          <reporter-output>
          </reporter-output>
        </test-method> <!-- beforeMethod -->
        <test-method signature="listAddressBeforeCreation()[pri:0, instance:main.java.AfterSignInTest@e15b7e8]" started-at="2021-08-16T14:10:15 IDT" name="listAddressBeforeCreation" finished-at="2021-08-16T14:10:16 IDT" duration-ms="1248" status="PASS">
          <reporter-output>
          </reporter-output>
        </test-method> <!-- listAddressBeforeCreation -->
        <test-method is-config="true" signature="beforeMethod()[pri:0, instance:main.java.AfterSignInTest@e15b7e8]" started-at="2021-08-16T14:10:16 IDT" name="beforeMethod" finished-at="2021-08-16T14:10:17 IDT" duration-ms="244" status="PASS">
          <reporter-output>
          </reporter-output>
        </test-method> <!-- beforeMethod -->
        <test-method signature="destroyAddress()[pri:0, instance:main.java.AfterSignInTest@e15b7e8]" started-at="2021-08-16T14:10:17 IDT" name="destroyAddress" finished-at="2021-08-16T14:10:18 IDT" duration-ms="1298" status="FAIL">
          <exception class="java.lang.AssertionError">
            <message>
              <![CDATA[expected [true] but found [false]]]>
            </message>
            <full-stacktrace>
              <![CDATA[java.lang.AssertionError: expected [true] but found [false]
at org.testng.Assert.fail(Assert.java:99)
at org.testng.Assert.failNotEquals(Assert.java:1037)
at org.testng.Assert.assertTrue(Assert.java:45)
at org.testng.Assert.assertTrue(Assert.java:55)
at main.java.AfterSignInTest.destroyAddress(AfterSignInTest.java:339)
at java.base/jdk.internal.reflect.NativeMethodAccessorImpl.invoke0(Native Method)
at java.base/jdk.internal.reflect.NativeMethodAccessorImpl.invoke(NativeMethodAccessorImpl.java:62)
at java.base/jdk.internal.reflect.DelegatingMethodAccessorImpl.invoke(DelegatingMethodAccessorImpl.java:43)
at java.base/java.lang.reflect.Method.invoke(Method.java:566)
at org.testng.internal.MethodInvocationHelper.invokeMethod(MethodInvocationHelper.java:133)
at org.testng.internal.TestInvoker.invokeMethod(TestInvoker.java:598)
at org.testng.internal.TestInvoker.invokeTestMethod(TestInvoker.java:173)
at org.testng.internal.MethodRunner.runInSequence(MethodRunner.java:46)
at org.testng.internal.TestInvoker$MethodInvocationAgent.invoke(TestInvoker.java:824)
at org.testng.internal.TestInvoker.invokeTestMethods(TestInvoker.java:146)
at org.testng.internal.TestMethodWorker.invokeTestMethods(TestMethodWorker.java:146)
at org.testng.internal.TestMethodWorker.run(TestMethodWorker.java:128)
at java.base/java.util.ArrayList.forEach(ArrayList.java:1541)
at org.testng.TestRunner.privateRun(TestRunner.java:794)
at org.testng.TestRunner.run(TestRunner.java:596)
at org.testng.SuiteRunner.runTest(SuiteRunner.java:377)
at org.testng.SuiteRunner.access$000(SuiteRunner.java:28)
at org.testng.SuiteRunner$SuiteWorker.run(SuiteRunner.java:418)
at org.testng.internal.thread.ThreadUtil.lambda$execute$0(ThreadUtil.java:64)
at java.base/java.util.concurrent.FutureTask.run(FutureTask.java:264)
at java.base/java.util.concurrent.ThreadPoolExecutor.runWorker(ThreadPoolExecutor.java:1128)
at java.base/java.util.concurrent.ThreadPoolExecutor$Worker.run(ThreadPoolExecutor.java:628)
at java.base/java.lang.Thread.run(Thread.java:834)
]]>
            </full-stacktrace>
          </exception> <!-- java.lang.AssertionError -->
          <reporter-output>
          </reporter-output>
        </test-method> <!-- destroyAddress -->
        <test-method is-config="true" signature="beforeMethod()[pri:0, instance:main.java.AfterSignInTest@e15b7e8]" started-at="2021-08-16T14:10:18 IDT" name="beforeMethod" finished-at="2021-08-16T14:10:18 IDT" duration-ms="244" status="PASS">
          <reporter-output>
          </reporter-output>
        </test-method> <!-- beforeMethod -->
        <test-method signature="signOut()[pri:0, instance:main.java.AfterSignInTest@e15b7e8]" started-at="2021-08-16T14:10:18 IDT" name="signOut" finished-at="2021-08-16T14:10:19 IDT" duration-ms="438" status="PASS">
          <reporter-output>
          </reporter-output>
        </test-method> <!-- signOut -->
        <test-method is-config="true" signature="afterClass()[pri:0, instance:main.java.AfterSignInTest@e15b7e8]" started-at="2021-08-16T14:10:19 IDT" name="afterClass" finished-at="2021-08-16T14:10:19 IDT" duration-ms="68" status="PASS">
          <reporter-output>
          </reporter-output>
        </test-method> <!-- afterClass -->
      </class> <!-- main.java.AfterSignInTest -->
    </test> <!-- C:/Users/Alqarout/IdeaProjects/FirstSeleniumTask-SecondFunctionality -->
  </suite> <!-- All Test Suite -->
</testng-results>
