<?xml version="1.0" encoding="UTF-8"?>
<!-- Generated by org.testng.reporters.JUnitXMLReporter -->
<testsuite ignored="2" hostname="DESKTOP-B1J68HV" failures="1" tests="9" name="C:/Users/Alqarout/IdeaProjects/FirstSeleniumTask-FirstFunctionality" time="26.838" errors="0" timestamp="2021-08-16T12:44:18 IDT">
  <testcase classname="main.java.MainPageTest" name="testMainPageTitle" time="0.02"/>
  <testcase classname="main.java.MainPageTest" name="testMainPageHeaders" time="0.096"/>
  <testcase classname="main.java.MainPageTest" name="clickHomeButton" time="0.161"/>
  <testcase classname="main.java.MainPageTest" name="clickLoginButton" time="0.058">
    <failure type="java.lang.AssertionError" message="expected [Address Book - Sign In] but found [Address Book]">
      <![CDATA[java.lang.AssertionError: expected [Address Book - Sign In] but found [Address Book]
at org.testng.Assert.fail(Assert.java:99)
at org.testng.Assert.failNotEquals(Assert.java:1037)
at org.testng.Assert.assertEqualsImpl(Assert.java:140)
at org.testng.Assert.assertEquals(Assert.java:122)
at org.testng.Assert.assertEquals(Assert.java:629)
at org.testng.Assert.assertEquals(Assert.java:639)
at main.java.MainPageTest.clickLoginButton(MainPageTest.java:78)
at java.base/jdk.internal.reflect.NativeMethodAccessorImpl.invoke0(Native Method)
at java.base/jdk.internal.reflect.NativeMethodAccessorImpl.invoke(NativeMethodAccessorImpl.java:62)
at java.base/jdk.internal.reflect.DelegatingMethodAccessorImpl.invoke(DelegatingMethodAccessorImpl.java:43)
at java.base/java.lang.reflect.Method.invoke(Method.java:566)
at org.testng.internal.MethodInvocationHelper.invokeMethod(MethodInvocationHelper.java:133)
at org.testng.internal.TestInvoker.invokeMethod(TestInvoker.java:598)
at org.testng.internal.TestInvoker.invokeTestMethod(TestInvoker.java:173)
at org.testng.internal.MethodRunner.runInSequence(MethodRunner.java:46)
at org.testng.internal.TestInvoker$MethodInvocationAgent.invoke(TestInvoker.java:824)
at org.testng.internal.TestInvoker.invokeTestMethods(TestInvoker.java:146)
at org.testng.internal.TestMethodWorker.invokeTestMethods(TestMethodWorker.java:146)
at org.testng.internal.TestMethodWorker.run(TestMethodWorker.java:128)
at java.base/java.util.ArrayList.forEach(ArrayList.java:1541)
at org.testng.TestRunner.privateRun(TestRunner.java:794)
at org.testng.TestRunner.run(TestRunner.java:596)
at org.testng.SuiteRunner.runTest(SuiteRunner.java:377)
at org.testng.SuiteRunner.access$000(SuiteRunner.java:28)
at org.testng.SuiteRunner$SuiteWorker.run(SuiteRunner.java:418)
at org.testng.internal.thread.ThreadUtil.lambda$execute$0(ThreadUtil.java:64)
at java.base/java.util.concurrent.FutureTask.run(FutureTask.java:264)
at java.base/java.util.concurrent.ThreadPoolExecutor.runWorker(ThreadPoolExecutor.java:1128)
at java.base/java.util.concurrent.ThreadPoolExecutor$Worker.run(ThreadPoolExecutor.java:628)
at java.base/java.lang.Thread.run(Thread.java:834)
]]>
    </failure>
  </testcase> <!-- clickLoginButton -->
  <testcase classname="main.java.SignInPageTest" name="testSignInPageTitle" time="0.009"/>
  <testcase classname="main.java.SignInPageTest" name="testSignInPageElementsExist" time="0.133"/>
  <testcase classname="main.java.SignInPageTest" name="testBadCredentialsInForm" time="2.486"/>
  <testcase classname="main.java.SignInPageTest" name="clickSignUpButton" time="0.516"/>
  <testcase classname="main.java.SignInPageTest" name="signIn" time="0.688"/>
  <testcase classname="main.java.ChromeDriverInit" name="@BeforeSuite ChromeDriverInitialize" time="0.0">
    <ignored/>
  </testcase> <!-- @BeforeSuite ChromeDriverInitialize -->
  <testcase classname="main.java.ChromeDriverInit" name="@BeforeSuite ChromeDriverInitialize" time="0.0">
    <ignored/>
  </testcase> <!-- @BeforeSuite ChromeDriverInitialize -->
</testsuite> <!-- C:/Users/Alqarout/IdeaProjects/FirstSeleniumTask-FirstFunctionality -->
