<?xml version="1.0" encoding="UTF-8"?>
<!-- Generated by org.testng.reporters.JUnitReportReporter -->
<testsuite hostname="DESKTOP-B1J68HV" failures="0" tests="16" name="main.java.AfterSignInTest" time="3.714" errors="1" timestamp="2021-08-16T12:18:42 IDT" skipped="15">
  <testcase classname="main.java.AfterSignInTest" name="createInvalidBirthdayAddress" time="0.000">
    <skipped/>
  </testcase> <!-- createInvalidBirthdayAddress -->
  <system-out/>
  <testcase classname="main.java.AfterSignInTest" name="listAddressAfterCreation" time="0.000">
    <skipped/>
  </testcase> <!-- listAddressAfterCreation -->
  <system-out/>
  <testcase classname="main.java.AfterSignInTest" name="beforeClass" time="3.714">
    <error message="no such window: target window already closed
from unknown error: web view not found
  (Session info: chrome=92.0.4515.131)
Build info: version: &#039;3.141.59&#039;, revision: &#039;e82be7d358&#039;, time: &#039;2018-11-14T08:17:03&#039;
System info: host: &#039;DESKTOP-B1J68HV&#039;, ip: &#039;192.168.56.1&#039;, os.name: &#039;Windows 10&#039;, os.arch: &#039;amd64&#039;, os.version: &#039;10.0&#039;, java.version: &#039;11.0.11&#039;
Driver info: org.openqa.selenium.chrome.ChromeDriver
Capabilities {acceptInsecureCerts: false, browserName: chrome, browserVersion: 92.0.4515.131, chrome: {chromedriverVersion: 92.0.4515.43 (8c61b7e2989f2..., userDataDir: C:\Users\AnwarQ\AppData\Loc...}, goog:chromeOptions: {debuggerAddress: localhost:57928}, javascriptEnabled: true, networkConnectionEnabled: false, pageLoadStrategy: normal, platform: WINDOWS, platformName: WINDOWS, proxy: Proxy(), setWindowRect: true, strictFileInteractability: false, timeouts: {implicit: 0, pageLoad: 300000, script: 30000}, unhandledPromptBehavior: dismiss and notify, webauthn:extension:credBlob: true, webauthn:extension:largeBlob: true, webauthn:virtualAuthenticators: true}
Session ID: 499e583b43570d821d89a5e12117f2a8
*** Element info: {Using=xpath, value=//input[@type=&#039;email&#039;][@placeholder=&#039;Email&#039;]}" type="org.openqa.selenium.NoSuchWindowException">
      <![CDATA[org.openqa.selenium.NoSuchWindowException: no such window: target window already closed
from unknown error: web view not found
  (Session info: chrome=92.0.4515.131)
Build info: version: '3.141.59', revision: 'e82be7d358', time: '2018-11-14T08:17:03'
System info: host: 'DESKTOP-B1J68HV', ip: '192.168.56.1', os.name: 'Windows 10', os.arch: 'amd64', os.version: '10.0', java.version: '11.0.11'
Driver info: org.openqa.selenium.chrome.ChromeDriver
Capabilities {acceptInsecureCerts: false, browserName: chrome, browserVersion: 92.0.4515.131, chrome: {chromedriverVersion: 92.0.4515.43 (8c61b7e2989f2..., userDataDir: C:\Users\AnwarQ\AppData\Loc...}, goog:chromeOptions: {debuggerAddress: localhost:57928}, javascriptEnabled: true, networkConnectionEnabled: false, pageLoadStrategy: normal, platform: WINDOWS, platformName: WINDOWS, proxy: Proxy(), setWindowRect: true, strictFileInteractability: false, timeouts: {implicit: 0, pageLoad: 300000, script: 30000}, unhandledPromptBehavior: dismiss and notify, webauthn:extension:credBlob: true, webauthn:extension:largeBlob: true, webauthn:virtualAuthenticators: true}
Session ID: 499e583b43570d821d89a5e12117f2a8
*** Element info: {Using=xpath, value=//input[@type='email'][@placeholder='Email']}
at java.base/jdk.internal.reflect.NativeConstructorAccessorImpl.newInstance0(Native Method)
at java.base/jdk.internal.reflect.NativeConstructorAccessorImpl.newInstance(NativeConstructorAccessorImpl.java:62)
at java.base/jdk.internal.reflect.DelegatingConstructorAccessorImpl.newInstance(DelegatingConstructorAccessorImpl.java:45)
at java.base/java.lang.reflect.Constructor.newInstance(Constructor.java:490)
at org.openqa.selenium.remote.http.W3CHttpResponseCodec.createException(W3CHttpResponseCodec.java:187)
at org.openqa.selenium.remote.http.W3CHttpResponseCodec.decode(W3CHttpResponseCodec.java:122)
at org.openqa.selenium.remote.http.W3CHttpResponseCodec.decode(W3CHttpResponseCodec.java:49)
at org.openqa.selenium.remote.HttpCommandExecutor.execute(HttpCommandExecutor.java:158)
at org.openqa.selenium.remote.service.DriverCommandExecutor.execute(DriverCommandExecutor.java:83)
at org.openqa.selenium.remote.RemoteWebDriver.execute(RemoteWebDriver.java:552)
at org.openqa.selenium.remote.RemoteWebDriver.findElement(RemoteWebDriver.java:323)
at org.openqa.selenium.remote.RemoteWebDriver.findElementByXPath(RemoteWebDriver.java:428)
at org.openqa.selenium.By$ByXPath.findElement(By.java:353)
at org.openqa.selenium.remote.RemoteWebDriver.findElement(RemoteWebDriver.java:315)
at main.java.AfterSignInTest.SignIn(AfterSignInTest.java:50)
at main.java.AfterSignInTest.beforeClass(AfterSignInTest.java:98)
at java.base/jdk.internal.reflect.NativeMethodAccessorImpl.invoke0(Native Method)
at java.base/jdk.internal.reflect.NativeMethodAccessorImpl.invoke(NativeMethodAccessorImpl.java:62)
at java.base/jdk.internal.reflect.DelegatingMethodAccessorImpl.invoke(DelegatingMethodAccessorImpl.java:43)
at java.base/java.lang.reflect.Method.invoke(Method.java:566)
at org.testng.internal.MethodInvocationHelper.invokeMethod(MethodInvocationHelper.java:133)
at org.testng.internal.MethodInvocationHelper.invokeMethodConsideringTimeout(MethodInvocationHelper.java:62)
at org.testng.internal.ConfigInvoker.invokeConfigurationMethod(ConfigInvoker.java:385)
at org.testng.internal.ConfigInvoker.invokeConfigurations(ConfigInvoker.java:321)
at org.testng.internal.TestMethodWorker.invokeBeforeClassMethods(TestMethodWorker.java:176)
at org.testng.internal.TestMethodWorker.run(TestMethodWorker.java:122)
at java.base/java.util.ArrayList.forEach(ArrayList.java:1541)
at org.testng.TestRunner.privateRun(TestRunner.java:794)
at org.testng.TestRunner.run(TestRunner.java:596)
at org.testng.SuiteRunner.runTest(SuiteRunner.java:377)
at org.testng.SuiteRunner.access$000(SuiteRunner.java:28)
at org.testng.SuiteRunner$SuiteWorker.run(SuiteRunner.java:418)
at org.testng.internal.thread.ThreadUtil.lambda$execute$0(ThreadUtil.java:64)
at java.base/java.util.concurrent.FutureTask.run(FutureTask.java:264)
at java.base/java.util.concurrent.ThreadPoolExecutor.runWorker(ThreadPoolExecutor.java:1128)
at java.base/java.util.concurrent.ThreadPoolExecutor$Worker.run(ThreadPoolExecutor.java:628)
at java.base/java.lang.Thread.run(Thread.java:834)
]]>
    </error>
  </testcase> <!-- beforeClass -->
  <system-out/>
  <testcase classname="main.java.AfterSignInTest" name="signOut" time="0.000">
    <skipped/>
  </testcase> <!-- signOut -->
  <system-out/>
  <testcase classname="main.java.AfterSignInTest" name="createInvalidLastNameAddress" time="0.000">
    <skipped/>
  </testcase> <!-- createInvalidLastNameAddress -->
  <system-out/>
  <testcase classname="main.java.AfterSignInTest" name="testAddressBtn" time="0.000">
    <skipped/>
  </testcase> <!-- testAddressBtn -->
  <system-out/>
  <testcase classname="main.java.AfterSignInTest" name="createInvalidAgeAddress" time="0.000">
    <skipped/>
  </testcase> <!-- createInvalidAgeAddress -->
  <system-out/>
  <testcase classname="main.java.AfterSignInTest" name="createValidAddress" time="0.000">
    <skipped/>
  </testcase> <!-- createValidAddress -->
  <system-out/>
  <testcase classname="main.java.AfterSignInTest" name="listAddressBeforeCreation" time="0.000">
    <skipped/>
  </testcase> <!-- listAddressBeforeCreation -->
  <system-out/>
  <testcase classname="main.java.AfterSignInTest" name="destroyAddress" time="0.000">
    <skipped/>
  </testcase> <!-- destroyAddress -->
  <system-out/>
  <testcase classname="main.java.AfterSignInTest" name="createEmptyAddress" time="0.000">
    <skipped/>
  </testcase> <!-- createEmptyAddress -->
  <system-out/>
  <testcase classname="main.java.AfterSignInTest" name="editAddressCorrectlyAfterCreation" time="0.000">
    <skipped/>
  </testcase> <!-- editAddressCorrectlyAfterCreation -->
  <system-out/>
  <testcase classname="main.java.AfterSignInTest" name="validateMainContents" time="0.000">
    <skipped/>
  </testcase> <!-- validateMainContents -->
  <system-out/>
  <testcase classname="main.java.AfterSignInTest" name="createInvalidFirstNameAddress" time="0.000">
    <skipped/>
  </testcase> <!-- createInvalidFirstNameAddress -->
  <system-out/>
  <testcase classname="main.java.AfterSignInTest" name="createInvalidZipCodeAddress" time="0.000">
    <skipped/>
  </testcase> <!-- createInvalidZipCodeAddress -->
  <system-out/>
  <testcase classname="main.java.AfterSignInTest" name="editAddressIncorrectlyAfterCreation" time="0.000">
    <skipped/>
  </testcase> <!-- editAddressIncorrectlyAfterCreation -->
  <system-out/>
</testsuite> <!-- main.java.AfterSignInTest -->
